Using pre-set license
Built from '2020.3/china_unity/release' branch; Version is '2020.3.8f1c1 (0b92326fa640) revision 758322'; Using compiler version '192528614'; Build Type 'Release'
OS: 'Windows 10 Home China; OS build 19044.2364; Version 2009; 64bit' Language: 'zh' Physical Memory: 32687 MB
BatchMode: 1, IsHumanControllingUs: 0, StartBugReporterOnCrash: 0, Is64bit: 1, IsPro: 0

 COMMAND LINE ARGUMENTS:
D:\Program Files\2020.3.8f1c1\Editor\Unity.exe
-adb2
-batchMode
-noUpm
-name
AssetImportWorker0
-projectPath
E:/unity/XLuaMatch3PuzzleDemo
-logFile
Logs/AssetImportWorker0.log
-srvPort
1777
Successfully changed project path to: E:/unity/XLuaMatch3PuzzleDemo
E:/unity/XLuaMatch3PuzzleDemo
Using Asset Import Pipeline V2.
Refreshing native plugins compatible for Editor in 44.43 ms, found 1 plugins.
Preloading 0 native plugins for Editor in 0.00 ms.
Initialize engine version: 2020.3.8f1c1 (0b92326fa640)
[Subsystems] Discovering subsystems at path D:/Program Files/2020.3.8f1c1/Editor/Data/Resources/UnitySubsystems
[Subsystems] Discovering subsystems at path E:/unity/XLuaMatch3PuzzleDemo/Assets
GfxDevice: creating device client; threaded=0
Direct3D:
    Version:  Direct3D 11.0 [level 11.1]
    Renderer: NVIDIA GeForce GTX 1660 Ti (ID=0x2191)
    Vendor:   
    VRAM:     5991 MB
    Driver:   31.0.15.2230
Initialize mono
Mono path[0] = 'D:/Program Files/2020.3.8f1c1/Editor/Data/Managed'
Mono path[1] = 'D:/Program Files/2020.3.8f1c1/Editor/Data/MonoBleedingEdge/lib/mono/unityjit'
Mono config path = 'D:/Program Files/2020.3.8f1c1/Editor/Data/MonoBleedingEdge/etc'
Using monoOptions --debugger-agent=transport=dt_socket,embedding=1,server=y,suspend=n,address=127.0.0.1:56304
Begin MonoManager ReloadAssembly
Registering precompiled unity dll's ...
Register platform support module: D:/Program Files/2020.3.8f1c1/Editor/Data/PlaybackEngines/WindowsStandaloneSupport/UnityEditor.WindowsStandalone.Extensions.dll
Registered in 0.001235 seconds.
Native extension for WindowsStandalone target not found
Refreshing native plugins compatible for Editor in 30.28 ms, found 1 plugins.
Preloading 0 native plugins for Editor in 0.00 ms.
Mono: successfully reloaded assembly
- Completed reload, in  1.172 seconds
Platform modules already initialized, skipping
Registering precompiled user dll's ...
Registered in 0.003652 seconds.
Begin MonoManager ReloadAssembly
Native extension for WindowsStandalone target not found
Refreshing native plugins compatible for Editor in 0.31 ms, found 1 plugins.
Preloading 0 native plugins for Editor in 0.00 ms.
Mono: successfully reloaded assembly
- Completed reload, in  0.862 seconds
Platform modules already initialized, skipping
========================================================================
Worker process is ready to serve import requests
Launched and connected shader compiler UnityShaderCompiler.exe after 0.06 seconds
Refreshing native plugins compatible for Editor in 0.30 ms, found 1 plugins.
Preloading 0 native plugins for Editor in 0.00 ms.
Unloading 1195 Unused Serialized files (Serialized files now loaded: 0)
System memory in use before: 59.8 MB.
System memory in use after: 59.8 MB.

Unloading 25 unused Assets to reduce memory usage. Loaded Objects now: 1623.
Total: 1.687300 ms (FindLiveObjects: 0.139500 ms CreateObjectMapping: 0.031800 ms MarkObjects: 1.457000 ms  DeleteObjects: 0.058100 ms)

========================================================================
Received Import Request.
  path: Assets/Scripts/Lua/InitClass.lua
  artifactKey: Guid(88555eeb588531647aa62a084a4ed8b0) Importer(815301076,1909f56bfc062723c751e8b465ee728b)
Start importing Assets/Scripts/Lua/InitClass.lua using Guid(88555eeb588531647aa62a084a4ed8b0) Importer(815301076,1909f56bfc062723c751e8b465ee728b)  -> (artifact id: '32db85d9d602f3a6fcb3b4141ed6eafc') in 0.047247 seconds
  Import took 0.048911 seconds .

========================================================================
Received Import Request.
  Time since last request: 0.000329 seconds.
  path: Assets/Scripts/Lua/Main.lua
  artifactKey: Guid(b2628064c8a9bea498ceb6f0e08dad45) Importer(815301076,1909f56bfc062723c751e8b465ee728b)
Start importing Assets/Scripts/Lua/Main.lua using Guid(b2628064c8a9bea498ceb6f0e08dad45) Importer(815301076,1909f56bfc062723c751e8b465ee728b)  -> (artifact id: 'd5544572a9f06a808c3b34adedfb3d0e') in 0.005735 seconds
  Import took 0.007336 seconds .

========================================================================
Received Import Request.
  Time since last request: 5.832448 seconds.
  path: Assets/Scripts/LoadingUI.cs
  artifactKey: Guid(d85289561ffc6444287cd1ae10194b22) Importer(815301076,1909f56bfc062723c751e8b465ee728b)
Start importing Assets/Scripts/LoadingUI.cs using Guid(d85289561ffc6444287cd1ae10194b22) Importer(815301076,1909f56bfc062723c751e8b465ee728b)  -> (artifact id: '98101c73c3738c6c70f1ee4b4b080323') in 0.052319 seconds
  Import took 0.054265 seconds .

========================================================================
Received Prepare
Registering precompiled user dll's ...
Registered in 0.003742 seconds.
Begin MonoManager ReloadAssembly
Native extension for WindowsStandalone target not found
Refreshing native plugins compatible for Editor in 0.31 ms, found 1 plugins.
Preloading 0 native plugins for Editor in 0.00 ms.
Mono: successfully reloaded assembly
- Completed reload, in  0.805 seconds
Platform modules already initialized, skipping
Refreshing native plugins compatible for Editor in 0.34 ms, found 1 plugins.
Preloading 0 native plugins for Editor in 0.00 ms.
Unloading 1189 Unused Serialized files (Serialized files now loaded: 0)
System memory in use before: 59.6 MB.
System memory in use after: 59.7 MB.

Unloading 20 unused Assets to reduce memory usage. Loaded Objects now: 1626.
Total: 1.674700 ms (FindLiveObjects: 0.129100 ms CreateObjectMapping: 0.028900 ms MarkObjects: 1.495900 ms  DeleteObjects: 0.020100 ms)

========================================================================
Received Prepare
Registering precompiled user dll's ...
Registered in 0.003579 seconds.
Begin MonoManager ReloadAssembly
Native extension for WindowsStandalone target not found
Refreshing native plugins compatible for Editor in 0.36 ms, found 1 plugins.
Preloading 0 native plugins for Editor in 0.00 ms.
Mono: successfully reloaded assembly
- Completed reload, in  0.794 seconds
Platform modules already initialized, skipping
Refreshing native plugins compatible for Editor in 0.35 ms, found 1 plugins.
Preloading 0 native plugins for Editor in 0.00 ms.
Unloading 1189 Unused Serialized files (Serialized files now loaded: 0)
System memory in use before: 59.7 MB.
System memory in use after: 59.8 MB.

Unloading 20 unused Assets to reduce memory usage. Loaded Objects now: 1629.
Total: 1.654900 ms (FindLiveObjects: 0.128800 ms CreateObjectMapping: 0.028400 ms MarkObjects: 1.481700 ms  DeleteObjects: 0.015000 ms)

========================================================================
Received Import Request.
  Time since last request: 1547.889953 seconds.
  path: Assets/BuildResources/UI/Prefab/TestUI.prefab
  artifactKey: Guid(b253266186eb4a049b5135684ec02e5c) Importer(815301076,1909f56bfc062723c751e8b465ee728b)
Start importing Assets/BuildResources/UI/Prefab/TestUI.prefab using Guid(b253266186eb4a049b5135684ec02e5c) Importer(815301076,1909f56bfc062723c751e8b465ee728b)  -> (artifact id: '8abfe3ceccea9bcf5e8e5f013437a5c4') in 0.042889 seconds
  Import took 0.045489 seconds .

========================================================================
Received Import Request.
  Time since last request: 1.218415 seconds.
  path: Assets/BuildResources/UI/Prefab/TestUI.prefab
  artifactKey: Guid(b253266186eb4a049b5135684ec02e5c) Importer(815301076,1909f56bfc062723c751e8b465ee728b)
Start importing Assets/BuildResources/UI/Prefab/TestUI.prefab using Guid(b253266186eb4a049b5135684ec02e5c) Importer(815301076,1909f56bfc062723c751e8b465ee728b)  -> (artifact id: 'd37f57b99c7418a9fd8e810f9d71270b') in 0.005137 seconds
  Import took 0.006837 seconds .

========================================================================
Received Import Request.
  Time since last request: 0.010138 seconds.
  path: Assets/BuildResources/UI/Prefab/TestUI.prefab
  artifactKey: Guid(b253266186eb4a049b5135684ec02e5c) Importer(815301076,1909f56bfc062723c751e8b465ee728b)
Start importing Assets/BuildResources/UI/Prefab/TestUI.prefab using Guid(b253266186eb4a049b5135684ec02e5c) Importer(815301076,1909f56bfc062723c751e8b465ee728b)  -> (artifact id: 'd37f57b99c7418a9fd8e810f9d71270b') in 0.005719 seconds
  Import took 0.007473 seconds .

========================================================================
Received Prepare
Registering precompiled user dll's ...
Registered in 0.004023 seconds.
Begin MonoManager ReloadAssembly
Native extension for WindowsStandalone target not found
Refreshing native plugins compatible for Editor in 0.33 ms, found 1 plugins.
Preloading 0 native plugins for Editor in 0.00 ms.
Mono: successfully reloaded assembly
- Completed reload, in  0.880 seconds
Platform modules already initialized, skipping
Refreshing native plugins compatible for Editor in 0.33 ms, found 1 plugins.
Preloading 0 native plugins for Editor in 0.00 ms.
Unloading 1189 Unused Serialized files (Serialized files now loaded: 0)
System memory in use before: 59.7 MB.
System memory in use after: 59.8 MB.

Unloading 20 unused Assets to reduce memory usage. Loaded Objects now: 1632.
Total: 2.014000 ms (FindLiveObjects: 0.136200 ms CreateObjectMapping: 0.035200 ms MarkObjects: 1.824900 ms  DeleteObjects: 0.016800 ms)

========================================================================
Received Import Request.
  Time since last request: 101.433884 seconds.
  path: Assets/BuildResources/LuaScript/BagPanel.lua.txt
  artifactKey: Guid(ae53378a65539824695e857e980c52c1) Importer(815301076,1909f56bfc062723c751e8b465ee728b)
Start importing Assets/BuildResources/LuaScript/BagPanel.lua.txt using Guid(ae53378a65539824695e857e980c52c1) Importer(815301076,1909f56bfc062723c751e8b465ee728b)  -> (artifact id: '1499af981ffd677e497095c5233fc80d') in 0.028481 seconds
  Import took 0.030204 seconds .

========================================================================
Received Import Request.
  Time since last request: 0.006804 seconds.
  path: Assets/BuildResources/LuaScript/BagPanel.lua.txt
  artifactKey: Guid(ae53378a65539824695e857e980c52c1) Importer(815301076,1909f56bfc062723c751e8b465ee728b)
Start importing Assets/BuildResources/LuaScript/BagPanel.lua.txt using Guid(ae53378a65539824695e857e980c52c1) Importer(815301076,1909f56bfc062723c751e8b465ee728b)  -> (artifact id: '1499af981ffd677e497095c5233fc80d') in 0.004798 seconds
  Import took 0.006646 seconds .

========================================================================
Received Import Request.
  Time since last request: 86.929884 seconds.
  path: Assets/Scripts/Lua/Grid.lua
  artifactKey: Guid(f2844600f80cc864fa0eac50fda374b9) Importer(815301076,1909f56bfc062723c751e8b465ee728b)
Start importing Assets/Scripts/Lua/Grid.lua using Guid(f2844600f80cc864fa0eac50fda374b9) Importer(815301076,1909f56bfc062723c751e8b465ee728b)  -> (artifact id: '448190167353d90260b4784a03ee81aa') in 0.007855 seconds
  Import took 0.009745 seconds .

========================================================================
Received Import Request.
  Time since last request: 988.965037 seconds.
  path: Assets/Scripts/Lua/Grid.lua
  artifactKey: Guid(f2844600f80cc864fa0eac50fda374b9) Importer(815301076,1909f56bfc062723c751e8b465ee728b)
Start importing Assets/Scripts/Lua/Grid.lua using Guid(f2844600f80cc864fa0eac50fda374b9) Importer(815301076,1909f56bfc062723c751e8b465ee728b)  -> (artifact id: 'c73512dc6e8b44e764f86ac6aa576a7a') in 0.007166 seconds
  Import took 0.009212 seconds .

========================================================================
Received Prepare
Registering precompiled user dll's ...
Registered in 0.004794 seconds.
Begin MonoManager ReloadAssembly
Native extension for WindowsStandalone target not found
Refreshing native plugins compatible for Editor in 0.38 ms, found 1 plugins.
Preloading 0 native plugins for Editor in 0.00 ms.
Mono: successfully reloaded assembly
- Completed reload, in  0.917 seconds
Platform modules already initialized, skipping
Refreshing native plugins compatible for Editor in 0.36 ms, found 1 plugins.
Preloading 0 native plugins for Editor in 0.00 ms.
Unloading 1189 Unused Serialized files (Serialized files now loaded: 0)
System memory in use before: 59.7 MB.
System memory in use after: 59.8 MB.

Unloading 20 unused Assets to reduce memory usage. Loaded Objects now: 1635.
Total: 2.277500 ms (FindLiveObjects: 0.245600 ms CreateObjectMapping: 0.049300 ms MarkObjects: 1.946600 ms  DeleteObjects: 0.021300 ms)

========================================================================
Received Import Request.
  Time since last request: 19070.159730 seconds.
  path: Assets/XLua
  artifactKey: Guid(6d2d240998b7a9a44b7402136c946623) Importer(815301076,1909f56bfc062723c751e8b465ee728b)
Start importing Assets/XLua using Guid(6d2d240998b7a9a44b7402136c946623) Importer(815301076,1909f56bfc062723c751e8b465ee728b)  -> (artifact id: 'abe3976ca3531b529aa6dac8a640a7a9') in 0.010751 seconds
  Import took 0.013936 seconds .

AssetImportWorkerClient::OnTransportError - code=2 error=End of file
