Using pre-set license
Built from '2020.3/china_unity/release' branch; Version is '2020.3.8f1c1 (0b92326fa640) revision 758322'; Using compiler version '192528614'; Build Type 'Release'
OS: 'Windows 10 Home China; OS build 19044.2364; Version 2009; 64bit' Language: 'zh' Physical Memory: 32687 MB
BatchMode: 1, IsHumanControllingUs: 0, StartBugReporterOnCrash: 0, Is64bit: 1, IsPro: 0

 COMMAND LINE ARGUMENTS:
D:\Program Files\2020.3.8f1c1\Editor\Unity.exe
-adb2
-batchMode
-noUpm
-name
AssetImportWorker0
-projectPath
E:/unity/XLuaMatch3PuzzleDemo
-logFile
Logs/AssetImportWorker0.log
-srvPort
10335
Successfully changed project path to: E:/unity/XLuaMatch3PuzzleDemo
E:/unity/XLuaMatch3PuzzleDemo
Using Asset Import Pipeline V2.
Refreshing native plugins compatible for Editor in 38.70 ms, found 1 plugins.
Preloading 0 native plugins for Editor in 0.00 ms.
Initialize engine version: 2020.3.8f1c1 (0b92326fa640)
[Subsystems] Discovering subsystems at path D:/Program Files/2020.3.8f1c1/Editor/Data/Resources/UnitySubsystems
[Subsystems] Discovering subsystems at path E:/unity/XLuaMatch3PuzzleDemo/Assets
GfxDevice: creating device client; threaded=0
Direct3D:
    Version:  Direct3D 11.0 [level 11.1]
    Renderer: NVIDIA GeForce GTX 1660 Ti (ID=0x2191)
    Vendor:   
    VRAM:     5991 MB
    Driver:   31.0.15.2230
Initialize mono
Mono path[0] = 'D:/Program Files/2020.3.8f1c1/Editor/Data/Managed'
Mono path[1] = 'D:/Program Files/2020.3.8f1c1/Editor/Data/MonoBleedingEdge/lib/mono/unityjit'
Mono config path = 'D:/Program Files/2020.3.8f1c1/Editor/Data/MonoBleedingEdge/etc'
Using monoOptions --debugger-agent=transport=dt_socket,embedding=1,server=y,suspend=n,address=127.0.0.1:56528
Begin MonoManager ReloadAssembly
Registering precompiled unity dll's ...
Register platform support module: D:/Program Files/2020.3.8f1c1/Editor/Data/PlaybackEngines/WindowsStandaloneSupport/UnityEditor.WindowsStandalone.Extensions.dll
Registered in 0.001288 seconds.
Native extension for WindowsStandalone target not found
Refreshing native plugins compatible for Editor in 27.10 ms, found 1 plugins.
Preloading 0 native plugins for Editor in 0.00 ms.
Mono: successfully reloaded assembly
- Completed reload, in  1.165 seconds
Platform modules already initialized, skipping
Registering precompiled user dll's ...
Registered in 0.004601 seconds.
Begin MonoManager ReloadAssembly
Native extension for WindowsStandalone target not found
Refreshing native plugins compatible for Editor in 0.64 ms, found 1 plugins.
Preloading 0 native plugins for Editor in 0.00 ms.
Mono: successfully reloaded assembly
- Completed reload, in  0.879 seconds
Platform modules already initialized, skipping
========================================================================
Worker process is ready to serve import requests
Launched and connected shader compiler UnityShaderCompiler.exe after 0.05 seconds
Refreshing native plugins compatible for Editor in 0.32 ms, found 1 plugins.
Preloading 0 native plugins for Editor in 0.00 ms.
Unloading 1196 Unused Serialized files (Serialized files now loaded: 0)
System memory in use before: 59.8 MB.
System memory in use after: 59.9 MB.

Unloading 25 unused Assets to reduce memory usage. Loaded Objects now: 1624.
Total: 1.901900 ms (FindLiveObjects: 0.126800 ms CreateObjectMapping: 0.029900 ms MarkObjects: 1.686700 ms  DeleteObjects: 0.057500 ms)

========================================================================
Received Import Request.
  path: Assets/Scripts/Base/GameStart.cs
  artifactKey: Guid(dbeb35c83bbf6bb44989d211755a0a48) Importer(815301076,1909f56bfc062723c751e8b465ee728b)
Start importing Assets/Scripts/Base/GameStart.cs using Guid(dbeb35c83bbf6bb44989d211755a0a48) Importer(815301076,1909f56bfc062723c751e8b465ee728b)  -> (artifact id: '77a79dab44c1afc6056598c9ac31bacf') in 0.123365 seconds
  Import took 0.125040 seconds .

========================================================================
Received Import Request.
  Time since last request: 0.000342 seconds.
  path: Assets/Scripts/Base/Framework/Manager/SceneManager.cs
  artifactKey: Guid(cc7ed9d24b944d84d91dcff90983cfac) Importer(815301076,1909f56bfc062723c751e8b465ee728b)
Start importing Assets/Scripts/Base/Framework/Manager/SceneManager.cs using Guid(cc7ed9d24b944d84d91dcff90983cfac) Importer(815301076,1909f56bfc062723c751e8b465ee728b)  -> (artifact id: '8dcfcb46f2f2cce34acb3b69c9d9f811') in 0.007122 seconds
  Import took 0.008656 seconds .

========================================================================
Received Import Request.
  Time since last request: 0.000304 seconds.
  path: Assets/Scripts/Base/Framework/HotUpdate.cs
  artifactKey: Guid(b57851b441d1f504c9ce16b14b7c7ebe) Importer(815301076,1909f56bfc062723c751e8b465ee728b)
Start importing Assets/Scripts/Base/Framework/HotUpdate.cs using Guid(b57851b441d1f504c9ce16b14b7c7ebe) Importer(815301076,1909f56bfc062723c751e8b465ee728b)  -> (artifact id: 'a49e96d334f5cd054ded84fc14bfc218') in 0.007180 seconds
  Import took 0.009259 seconds .

========================================================================
Received Import Request.
  Time since last request: 0.000292 seconds.
  path: Assets/Scripts/Base/Framework/Manager/LuaManager.cs
  artifactKey: Guid(465b753ad9ebf4f448864357c7f97afc) Importer(815301076,1909f56bfc062723c751e8b465ee728b)
Start importing Assets/Scripts/Base/Framework/Manager/LuaManager.cs using Guid(465b753ad9ebf4f448864357c7f97afc) Importer(815301076,1909f56bfc062723c751e8b465ee728b)  -> (artifact id: 'd5657b25fa9bfc28ac8fcad0eacdf4ce') in 0.009026 seconds
  Import took 0.011004 seconds .

========================================================================
Received Prepare
Registering precompiled user dll's ...
Registered in 0.003449 seconds.
Begin MonoManager ReloadAssembly
Native extension for WindowsStandalone target not found
Refreshing native plugins compatible for Editor in 0.34 ms, found 1 plugins.
Preloading 0 native plugins for Editor in 0.00 ms.
Mono: successfully reloaded assembly
- Completed reload, in  0.789 seconds
Platform modules already initialized, skipping
Refreshing native plugins compatible for Editor in 0.30 ms, found 1 plugins.
Preloading 0 native plugins for Editor in 0.00 ms.
Unloading 1190 Unused Serialized files (Serialized files now loaded: 0)
System memory in use before: 59.6 MB.
System memory in use after: 59.7 MB.

Unloading 20 unused Assets to reduce memory usage. Loaded Objects now: 1627.
Total: 1.416100 ms (FindLiveObjects: 0.106200 ms CreateObjectMapping: 0.029500 ms MarkObjects: 1.261000 ms  DeleteObjects: 0.018400 ms)

